<?xml version="1.0" encoding="UTF-8"?>
<testsuite name="org.hyperledger.fabric.samples.assettransfer.AssetTransferTest$InvokeCreateAssetTransaction" tests="2" skipped="0" failures="0" errors="0" timestamp="2021-02-25T07:32:58" hostname="Genx-Mac-3.local" time="0.025">
  <properties/>
  <testcase name="whenAssetExists()" classname="org.hyperledger.fabric.samples.assettransfer.AssetTransferTest$InvokeCreateAssetTransaction" time="0.004"/>
  <testcase name="whenAssetDoesNotExist()" classname="org.hyperledger.fabric.samples.assettransfer.AssetTransferTest$InvokeCreateAssetTransaction" time="0.02"/>
  <system-out><![CDATA[Asset asset1 already exists
]]></system-out>
  <system-err><![CDATA[]]></system-err>
</testsuite>
